                                      1 ;--------------------------------------------------------
                                      2 ; File Created by SDCC : free open source ANSI-C Compiler
                                      3 ; Version 4.1.6 #12539 (MINGW32)
                                      4 ;--------------------------------------------------------
                                      5 	.module main
                                      6 	.optsdcc -mgbz80
                                      7 	
                                      8 ;--------------------------------------------------------
                                      9 ; Public variables in this module
                                     10 ;--------------------------------------------------------
                                     11 	.globl _main
                                     12 	.globl _printf
                                     13 ;--------------------------------------------------------
                                     14 ; special function registers
                                     15 ;--------------------------------------------------------
                                     16 ;--------------------------------------------------------
                                     17 ; ram data
                                     18 ;--------------------------------------------------------
                                     19 	.area _DATA
                                     20 ;--------------------------------------------------------
                                     21 ; ram data
                                     22 ;--------------------------------------------------------
                                     23 	.area _INITIALIZED
                                     24 ;--------------------------------------------------------
                                     25 ; absolute external ram data
                                     26 ;--------------------------------------------------------
                                     27 	.area _DABS (ABS)
                                     28 ;--------------------------------------------------------
                                     29 ; global & static initialisations
                                     30 ;--------------------------------------------------------
                                     31 	.area _HOME
                                     32 	.area _GSINIT
                                     33 	.area _GSFINAL
                                     34 	.area _GSINIT
                                     35 ;--------------------------------------------------------
                                     36 ; Home
                                     37 ;--------------------------------------------------------
                                     38 	.area _HOME
                                     39 	.area _HOME
                                     40 ;--------------------------------------------------------
                                     41 ; code
                                     42 ;--------------------------------------------------------
                                     43 	.area _CODE
                                     44 ;..\main.c:4: int main()
                                     45 ;	---------------------------------
                                     46 ; Function main
                                     47 ; ---------------------------------
      000000                         48 _main::
                                     49 ;..\main.c:6: printf("Hello World!");
      000000 11r0Cr00                50 	ld	de, #___str_0
      000003 D5                      51 	push	de
      000004 CDr00r00                52 	call	_printf
      000007 E1                      53 	pop	hl
                                     54 ;..\main.c:7: return 0;
      000008 11 00 00                55 	ld	de, #0x0000
                                     56 ;..\main.c:8: }
      00000B C9                      57 	ret
      00000C                         58 ___str_0:
      00000C 48 65 6C 6C 6F 20 57    59 	.ascii "Hello World!"
             6F 72 6C 64 21
      000018 00                      60 	.db 0x00
                                     61 	.area _CODE
                                     62 	.area _INITIALIZER
                                     63 	.area _CABS (ABS)
